<?xml version="1.0" encoding="UTF-8"?>
<!-- Generated by org.testng.reporters.JUnitReportReporter -->
<testsuite hostname="LAPTOP-INDIQIFR" failures="0" tests="1" name="searchTest.SearchTitleTest" time="2.196" errors="0" timestamp="2023-05-18T22:32:13 IST" skipped="0">
  <testcase classname="searchTest.SearchTitleTest" name="validateTitle" time="2.196"/>
  <system-out/>
</testsuite> <!-- searchTest.SearchTitleTest -->
